<?xml version="1.0" encoding="UTF-8"?>
<testng-results ignored="0" total="1" passed="1" failed="0" skipped="0">
  <reporter-output>
  </reporter-output>
  <suite started-at="2023-12-30T18:09:58 IST" name="Default suite" finished-at="2023-12-30T18:10:09 IST" duration-ms="11694">
    <groups>
    </groups>
    <test started-at="2023-12-30T18:09:58 IST" name="Default test" finished-at="2023-12-30T18:10:09 IST" duration-ms="11694">
      <class name="TestExecution.LoginTest">
        <test-method is-config="true" signature="setup()[pri:0, instance:TestExecution.LoginTest@2794eab6]" started-at="2023-12-30T18:09:58 IST" name="setup" finished-at="2023-12-30T18:10:06 IST" duration-ms="7919" status="PASS">
          <reporter-output>
          </reporter-output>
        </test-method> <!-- setup -->
        <test-method signature="login_Positive_Test()[pri:0, instance:TestExecution.LoginTest@2794eab6]" started-at="2023-12-30T18:10:06 IST" name="login_Positive_Test" finished-at="2023-12-30T18:10:09 IST" duration-ms="3345" status="PASS">
          <reporter-output>
          </reporter-output>
        </test-method> <!-- login_Positive_Test -->
        <test-method is-config="true" signature="teardown()[pri:0, instance:TestExecution.LoginTest@2794eab6]" started-at="2023-12-30T18:10:09 IST" name="teardown" finished-at="2023-12-30T18:10:09 IST" duration-ms="323" status="PASS">
          <reporter-output>
          </reporter-output>
        </test-method> <!-- teardown -->
      </class> <!-- TestExecution.LoginTest -->
    </test> <!-- Default test -->
  </suite> <!-- Default suite -->
</testng-results>
